<?xml version="1.0" encoding="UTF-8"?>
<testsuite xmlns:xsi="http://www.w3.org/2001/XMLSchema-instance" xsi:noNamespaceSchemaLocation="https://maven.apache.org/surefire/maven-surefire-plugin/xsd/surefire-test-report-3.0.xsd" version="3.0" name="com.unogame.UnoGameTest" time="0.054" tests="9" errors="0" skipped="0" failures="0">
  <properties>
[...]
</properties>
  <testcase name="testPlayerGetPlayableCards" classname="com.unogame.UnoGameTest" time="0.02"/>
  <testcase name="testCardCreation" classname="com.unogame.UnoGameTest" time="0.002"/>
  <testcase name="testCardCanPlayOn" classname="com.unogame.UnoGameTest" time="0.002"/>
  <testcase name="testPlayerHandManagement" classname="com.unogame.UnoGameTest" time="0.002"/>
  <testcase name="testPlayerWinCondition" classname="com.unogame.UnoGameTest" time="0.001"/>
  <testcase name="testDeckCreation" classname="com.unogame.UnoGameTest" time="0.001"/>
  <testcase name="testCardDisplayLines" classname="com.unogame.UnoGameTest" time="0.004"/>
  <testcase name="testGameDirection" classname="com.unogame.UnoGameTest" time="0.0"/>
  <testcase name="testCardDisplay" classname="com.unogame.UnoGameTest" time="0.001"/>
</testsuite>